Compiling build :dev to "resources/public/js/compiled/trowit.js" from ["src"]...
[36m----  Compiler Warning on   src/trowit/core.cljs   line:17  column:13  ----[0m

  [1mUse of undeclared Var trowit.core/$version[0m

  [36m13[0m  [36m  ;; optionally touch your app-state to force rerendering depending on[0m
  [36m14[0m  [36m  ;; your application[0m
  [36m15[0m  [36m  ;; (swap! app-state update-in [:__figwheel_counter] inc)[0m
  [36m16[0m  [36m  (swap! version inc)[0m
  [33m17[0m  [1m  (js/alert $version)[0m
  [0m  [0m  [33m            ^--- Use of undeclared Var trowit.core/$version[0m
  [36m18[0m  [36m)[0m

[36m----  Compiler Warning : Please see src/trowit/core.cljs  ----[0m
[32mSuccessfully compiled build :dev to "resources/public/js/compiled/trowit.js" in 0.878 seconds.[0m
notifying browser that file changed:  resources/public/js/compiled/out/goog/deps.js
notifying browser that file changed:  resources/public/js/compiled/out/cljs_deps.js
notifying browser that file changed:  resources/public/js/compiled/out/trowit/core.js
Compiling build :dev to "resources/public/js/compiled/trowit.js" from ["src"]...
[36m----  Compiler Warning on   src/trowit/core.cljs   line:20  column:13  ----[0m

  [1mUse of undeclared Var trowit.core/$version[0m

  [36m16[0m  [36m  ;; optionally touch your app-state to force rerendering depending on[0m
  [36m17[0m  [36m  ;; your application[0m
  [36m18[0m  [36m  ;; (swap! app-state update-in [:__figwheel_counter] inc)[0m
  [36m19[0m  [36m  (swap! version inc)[0m
  [33m20[0m  [1m  (js/alert $version)[0m
  [0m  [0m  [33m            ^--- Use of undeclared Var trowit.core/$version[0m
  [36m21[0m  [36m)[0m

[36m----  Compiler Warning : Please see src/trowit/core.cljs  ----[0m
[32mSuccessfully compiled build :dev to "resources/public/js/compiled/trowit.js" in 0.915 seconds.[0m
notifying browser that file changed:  resources/public/js/compiled/out/trowit/core.js
Compiling build :dev to "resources/public/js/compiled/trowit.js" from ["src"]...
[32mSuccessfully compiled build :dev to "resources/public/js/compiled/trowit.js" in 0.766 seconds.[0m
notifying browser that file changed:  resources/public/js/compiled/out/trowit/core.js
Compiling build :dev to "resources/public/js/compiled/trowit.js" from ["src"]...
[32mSuccessfully compiled build :dev to "resources/public/js/compiled/trowit.js" in 0.695 seconds.[0m
notifying browser that file changed:  resources/public/js/compiled/out/trowit/core.js
Compiling build :dev to "resources/public/js/compiled/trowit.js" from ["src"]...
[32mSuccessfully compiled build :dev to "resources/public/js/compiled/trowit.js" in 0.681 seconds.[0m
notifying browser that file changed:  resources/public/js/compiled/out/trowit/core.js
Compiling build :dev to "resources/public/js/compiled/trowit.js" from ["src"]...
[32mSuccessfully compiled build :dev to "resources/public/js/compiled/trowit.js" in 0.804 seconds.[0m
notifying browser that file changed:  resources/public/js/compiled/out/trowit/core.js
Compiling build :dev to "resources/public/js/compiled/trowit.js" from ["src"]...
[32mSuccessfully compiled build :dev to "resources/public/js/compiled/trowit.js" in 0.79 seconds.[0m
notifying browser that file changed:  resources/public/js/compiled/out/trowit/core.js
Compiling build :dev to "resources/public/js/compiled/trowit.js" from ["src"]...
[32mSuccessfully compiled build :dev to "resources/public/js/compiled/trowit.js" in 0.696 seconds.[0m
notifying browser that file changed:  resources/public/js/compiled/out/trowit/core.js
Compiling build :dev to "resources/public/js/compiled/trowit.js" from ["src"]...
[32mSuccessfully compiled build :dev to "resources/public/js/compiled/trowit.js" in 0.709 seconds.[0m
notifying browser that file changed:  resources/public/js/compiled/out/trowit/core.js
Compiling build :dev to "resources/public/js/compiled/trowit.js" from ["src"]...
[32mSuccessfully compiled build :dev to "resources/public/js/compiled/trowit.js" in 0.67 seconds.[0m
notifying browser that file changed:  resources/public/js/compiled/out/trowit/core.js
Compiling build :dev to "resources/public/js/compiled/trowit.js" from ["src"]...
[32mSuccessfully compiled build :dev to "resources/public/js/compiled/trowit.js" in 0.696 seconds.[0m
notifying browser that file changed:  resources/public/js/compiled/out/trowit/core.js
Compiling build :dev to "resources/public/js/compiled/trowit.js" from ["src"]...
[32mSuccessfully compiled build :dev to "resources/public/js/compiled/trowit.js" in 0.703 seconds.[0m
notifying browser that file changed:  resources/public/js/compiled/out/trowit/core.js
Compiling build :dev to "resources/public/js/compiled/trowit.js" from ["src"]...
[32mSuccessfully compiled build :dev to "resources/public/js/compiled/trowit.js" in 0.749 seconds.[0m
notifying browser that file changed:  resources/public/js/compiled/out/trowit/core.js
Compiling build :dev to "resources/public/js/compiled/trowit.js" from ["src"]...
[32mSuccessfully compiled build :dev to "resources/public/js/compiled/trowit.js" in 0.842 seconds.[0m
notifying browser that file changed:  resources/public/js/compiled/out/trowit/core.js
Compiling build :dev to "resources/public/js/compiled/trowit.js" from ["src"]...
[32mSuccessfully compiled build :dev to "resources/public/js/compiled/trowit.js" in 0.847 seconds.[0m
notifying browser that file changed:  resources/public/js/compiled/out/trowit/core.js
Compiling build :dev to "resources/public/js/compiled/trowit.js" from ["src"]...
[32mSuccessfully compiled build :dev to "resources/public/js/compiled/trowit.js" in 0.828 seconds.[0m
notifying browser that file changed:  resources/public/js/compiled/out/trowit/core.js
Compiling build :dev to "resources/public/js/compiled/trowit.js" from ["src"]...
[32mSuccessfully compiled build :dev to "resources/public/js/compiled/trowit.js" in 0.711 seconds.[0m
notifying browser that file changed:  resources/public/js/compiled/out/trowit/core.js
Compiling build :dev to "resources/public/js/compiled/trowit.js" from ["src"]...
[32mSuccessfully compiled build :dev to "resources/public/js/compiled/trowit.js" in 0.744 seconds.[0m
notifying browser that file changed:  resources/public/js/compiled/out/trowit/core.js
Compiling build :dev to "resources/public/js/compiled/trowit.js" from ["src"]...
[32mSuccessfully compiled build :dev to "resources/public/js/compiled/trowit.js" in 0.68 seconds.[0m
notifying browser that file changed:  resources/public/js/compiled/out/trowit/core.js
Compiling build :dev to "resources/public/js/compiled/trowit.js" from ["src"]...
[32mSuccessfully compiled build :dev to "resources/public/js/compiled/trowit.js" in 0.719 seconds.[0m
notifying browser that file changed:  resources/public/js/compiled/out/trowit/core.js
Compiling build :dev to "resources/public/js/compiled/trowit.js" from ["src"]...
[32mSuccessfully compiled build :dev to "resources/public/js/compiled/trowit.js" in 0.705 seconds.[0m
notifying browser that file changed:  resources/public/js/compiled/out/trowit/core.js
Compiling build :dev to "resources/public/js/compiled/trowit.js" from ["src"]...
[32mSuccessfully compiled build :dev to "resources/public/js/compiled/trowit.js" in 0.723 seconds.[0m
notifying browser that file changed:  resources/public/js/compiled/out/trowit/core.js
Compiling build :dev to "resources/public/js/compiled/trowit.js" from ["src"]...
[32mSuccessfully compiled build :dev to "resources/public/js/compiled/trowit.js" in 0.7 seconds.[0m
notifying browser that file changed:  resources/public/js/compiled/out/trowit/core.js
Compiling build :dev to "resources/public/js/compiled/trowit.js" from ["src"]...
[32mSuccessfully compiled build :dev to "resources/public/js/compiled/trowit.js" in 0.688 seconds.[0m
notifying browser that file changed:  resources/public/js/compiled/out/trowit/core.js
Compiling build :dev to "resources/public/js/compiled/trowit.js" from ["src"]...
[32mSuccessfully compiled build :dev to "resources/public/js/compiled/trowit.js" in 0.698 seconds.[0m
notifying browser that file changed:  resources/public/js/compiled/out/trowit/core.js
Compiling build :dev to "resources/public/js/compiled/trowit.js" from ["src"]...
[32mSuccessfully compiled build :dev to "resources/public/js/compiled/trowit.js" in 0.67 seconds.[0m
notifying browser that file changed:  resources/public/js/compiled/out/trowit/core.js
Compiling build :dev to "resources/public/js/compiled/trowit.js" from ["src"]...
[32mSuccessfully compiled build :dev to "resources/public/js/compiled/trowit.js" in 0.68 seconds.[0m
notifying browser that file changed:  resources/public/js/compiled/out/trowit/core.js
Compiling build :dev to "resources/public/js/compiled/trowit.js" from ["src"]...
[32mSuccessfully compiled build :dev to "resources/public/js/compiled/trowit.js" in 0.68 seconds.[0m
notifying browser that file changed:  resources/public/js/compiled/out/trowit/core.js
Compiling build :dev to "resources/public/js/compiled/trowit.js" from ["src"]...
[32mSuccessfully compiled build :dev to "resources/public/js/compiled/trowit.js" in 0.691 seconds.[0m
notifying browser that file changed:  resources/public/js/compiled/out/trowit/core.js
Compiling build :dev to "resources/public/js/compiled/trowit.js" from ["src"]...
[32mSuccessfully compiled build :dev to "resources/public/js/compiled/trowit.js" in 0.691 seconds.[0m
notifying browser that file changed:  resources/public/js/compiled/out/trowit/core.js
Compiling build :dev to "resources/public/js/compiled/trowit.js" from ["src"]...
[32mSuccessfully compiled build :dev to "resources/public/js/compiled/trowit.js" in 0.696 seconds.[0m
notifying browser that file changed:  resources/public/js/compiled/out/trowit/core.js
Compiling build :dev to "resources/public/js/compiled/trowit.js" from ["src"]...
[32mSuccessfully compiled build :dev to "resources/public/js/compiled/trowit.js" in 0.701 seconds.[0m
notifying browser that file changed:  resources/public/js/compiled/out/trowit/core.js
Compiling build :dev to "resources/public/js/compiled/trowit.js" from ["src"]...
[32mSuccessfully compiled build :dev to "resources/public/js/compiled/trowit.js" in 0.712 seconds.[0m
notifying browser that file changed:  resources/public/js/compiled/out/trowit/core.js
Compiling build :dev to "resources/public/js/compiled/trowit.js" from ["src"]...
[32mSuccessfully compiled build :dev to "resources/public/js/compiled/trowit.js" in 0.676 seconds.[0m
notifying browser that file changed:  resources/public/js/compiled/out/trowit/core.js
Compiling build :dev to "resources/public/js/compiled/trowit.js" from ["src"]...
[36m----  Compiler Warning on   src/trowit/core.cljs   line:18  column:18  ----[0m

  [1mUse of undeclared Var trowit.core/o[0m

  [36m14[0m  [36m  (.lineTo 590 430)[0m
  [36m15[0m  [36m  (.stroke))[0m
  [36m16[0m  [36m[0m
  [36m17[0m  [36m(for [i (range 50 590 20)][0m
  [33m18[0m  [1m  (.fillRect ctx o 430))[0m
  [0m  [0m  [33m                 ^--- Use of undeclared Var trowit.core/o[0m
  [36m19[0m  [36m[0m
  [36m20[0m  [36m;; define your app data so that it doesn't get over-written on reload[0m
  [36m21[0m  [36m[0m
  [36m22[0m  [36m(defn on-js-reload [][0m
  [36m23[0m  [36m  ;; optionally touch your app-state to force rerendering depending on[0m

[36m----  Compiler Warning : Please see src/trowit/core.cljs  ----[0m
[36m----  Compiler Warning on   src/trowit/core.cljs   line:18  column:18  ----[0m

  [1mUse of undeclared Var trowit.core/o[0m

  [36m14[0m  [36m  (.lineTo 590 430)[0m
  [36m15[0m  [36m  (.stroke))[0m
  [36m16[0m  [36m[0m
  [36m17[0m  [36m(for [i (range 50 590 20)][0m
  [33m18[0m  [1m  (.fillRect ctx o 430))[0m
  [0m  [0m  [33m                 ^--- Use of undeclared Var trowit.core/o[0m
  [36m19[0m  [36m[0m
  [36m20[0m  [36m;; define your app data so that it doesn't get over-written on reload[0m
  [36m21[0m  [36m[0m
  [36m22[0m  [36m(defn on-js-reload [][0m
  [36m23[0m  [36m  ;; optionally touch your app-state to force rerendering depending on[0m

[36m----  Compiler Warning : Please see src/trowit/core.cljs  ----[0m
[32mSuccessfully compiled build :dev to "resources/public/js/compiled/trowit.js" in 1.816 seconds.[0m
notifying browser that file changed:  resources/public/js/compiled/out/goog/deps.js
notifying browser that file changed:  resources/public/js/compiled/out/cljs_deps.js
notifying browser that file changed:  resources/public/js/compiled/out/trowit/core.js
Compiling build :dev to "resources/public/js/compiled/trowit.js" from ["src"]...
[32mSuccessfully compiled build :dev to "resources/public/js/compiled/trowit.js" in 0.795 seconds.[0m
notifying browser that file changed:  resources/public/js/compiled/out/trowit/core.js
Compiling build :dev to "resources/public/js/compiled/trowit.js" from ["src"]...
[32mSuccessfully compiled build :dev to "resources/public/js/compiled/trowit.js" in 0.725 seconds.[0m
notifying browser that file changed:  resources/public/js/compiled/out/trowit/core.js
Compiling build :dev to "resources/public/js/compiled/trowit.js" from ["src"]...
[32mSuccessfully compiled build :dev to "resources/public/js/compiled/trowit.js" in 0.745 seconds.[0m
notifying browser that file changed:  resources/public/js/compiled/out/trowit/core.js
Compiling build :dev to "resources/public/js/compiled/trowit.js" from ["src"]...
[32mSuccessfully compiled build :dev to "resources/public/js/compiled/trowit.js" in 0.75 seconds.[0m
notifying browser that file changed:  resources/public/js/compiled/out/trowit/core.js
Compiling build :dev to "resources/public/js/compiled/trowit.js" from ["src"]...
[32mSuccessfully compiled build :dev to "resources/public/js/compiled/trowit.js" in 0.664 seconds.[0m
notifying browser that file changed:  resources/public/js/compiled/out/trowit/core.js
Compiling build :dev to "resources/public/js/compiled/trowit.js" from ["src"]...
[32mSuccessfully compiled build :dev to "resources/public/js/compiled/trowit.js" in 0.711 seconds.[0m
notifying browser that file changed:  resources/public/js/compiled/out/trowit/core.js
Compiling build :dev to "resources/public/js/compiled/trowit.js" from ["src"]...
[32mSuccessfully compiled build :dev to "resources/public/js/compiled/trowit.js" in 0.671 seconds.[0m
notifying browser that file changed:  resources/public/js/compiled/out/trowit/core.js
Compiling build :dev to "resources/public/js/compiled/trowit.js" from ["src"]...
[32mSuccessfully compiled build :dev to "resources/public/js/compiled/trowit.js" in 0.748 seconds.[0m
notifying browser that file changed:  resources/public/js/compiled/out/trowit/core.js
Compiling build :dev to "resources/public/js/compiled/trowit.js" from ["src"]...
[32mSuccessfully compiled build :dev to "resources/public/js/compiled/trowit.js" in 0.716 seconds.[0m
notifying browser that file changed:  resources/public/js/compiled/out/trowit/core.js
Compiling build :dev to "resources/public/js/compiled/trowit.js" from ["src"]...
[32mSuccessfully compiled build :dev to "resources/public/js/compiled/trowit.js" in 0.714 seconds.[0m
notifying browser that file changed:  resources/public/js/compiled/out/trowit/core.js
Compiling build :dev to "resources/public/js/compiled/trowit.js" from ["src"]...
[32mSuccessfully compiled build :dev to "resources/public/js/compiled/trowit.js" in 0.7 seconds.[0m
notifying browser that file changed:  resources/public/js/compiled/out/trowit/core.js
Compiling build :dev to "resources/public/js/compiled/trowit.js" from ["src"]...
[32mSuccessfully compiled build :dev to "resources/public/js/compiled/trowit.js" in 0.724 seconds.[0m
notifying browser that file changed:  resources/public/js/compiled/out/trowit/core.js
Compiling build :dev to "resources/public/js/compiled/trowit.js" from ["src"]...
[32mSuccessfully compiled build :dev to "resources/public/js/compiled/trowit.js" in 0.807 seconds.[0m
notifying browser that file changed:  resources/public/js/compiled/out/trowit/core.js
Compiling build :dev to "resources/public/js/compiled/trowit.js" from ["src"]...
[31mFailed to compile build :dev from ["src"] in 0.347 seconds.[0m
[36m----  Could not Analyze  src/trowit/core.cljs   line:20  column:5  ----[0m

  [1mUnknown dot form of (. nil nil nil) with classification [:cljs.analyzer/error :cljs.analyzer/error ()][0m

  [36m18[0m  [36m  (doseq [i (range 50 974 20)][0m
  [36m19[0m  [36m    (.fillRect ctx i 428 1 5)[0m
  [33m20[0m  [1m    (.))[0m
  [0m  [0m  [33m    ^--- Unknown dot form of (. nil nil nil) with classification [:cljs.analyzer/error :cljs.analyzer/error ()][0m
  [36m21[0m  [36m[0m
  [36m22[0m  [36m  (doseq [i (range 0 430 20)][0m
  [36m23[0m  [36m    (.fillRect ctx 48 i 5 1)))[0m

[36m----  Analysis Error : Please see src/trowit/core.cljs  ----[0m
Compiling build :dev to "resources/public/js/compiled/trowit.js" from ["src"]...
[32mSuccessfully compiled build :dev to "resources/public/js/compiled/trowit.js" in 0.872 seconds.[0m
notifying browser that file changed:  resources/public/js/compiled/out/goog/deps.js
notifying browser that file changed:  resources/public/js/compiled/out/cljs_deps.js
notifying browser that file changed:  resources/public/js/compiled/out/trowit/core.js
Compiling build :dev to "resources/public/js/compiled/trowit.js" from ["src"]...
[32mSuccessfully compiled build :dev to "resources/public/js/compiled/trowit.js" in 0.791 seconds.[0m
notifying browser that file changed:  resources/public/js/compiled/out/trowit/core.js
Compiling build :dev to "resources/public/js/compiled/trowit.js" from ["src"]...
[32mSuccessfully compiled build :dev to "resources/public/js/compiled/trowit.js" in 0.761 seconds.[0m
notifying browser that file changed:  resources/public/js/compiled/out/trowit/core.js
Compiling build :dev to "resources/public/js/compiled/trowit.js" from ["src"]...
[32mSuccessfully compiled build :dev to "resources/public/js/compiled/trowit.js" in 0.71 seconds.[0m
notifying browser that file changed:  resources/public/js/compiled/out/trowit/core.js
Compiling build :dev to "resources/public/js/compiled/trowit.js" from ["src"]...
[32mSuccessfully compiled build :dev to "resources/public/js/compiled/trowit.js" in 0.733 seconds.[0m
notifying browser that file changed:  resources/public/js/compiled/out/trowit/core.js
Compiling build :dev to "resources/public/js/compiled/trowit.js" from ["src"]...
[32mSuccessfully compiled build :dev to "resources/public/js/compiled/trowit.js" in 0.734 seconds.[0m
notifying browser that file changed:  resources/public/js/compiled/out/trowit/core.js
Compiling build :dev to "resources/public/js/compiled/trowit.js" from ["src"]...
[32mSuccessfully compiled build :dev to "resources/public/js/compiled/trowit.js" in 1.621 seconds.[0m
notifying browser that file changed:  resources/public/js/compiled/out/trowit/core.js
Compiling build :dev to "resources/public/js/compiled/trowit.js" from ["src"]...
[32mSuccessfully compiled build :dev to "resources/public/js/compiled/trowit.js" in 0.818 seconds.[0m
notifying browser that file changed:  resources/public/js/compiled/out/trowit/core.js
Compiling build :dev to "resources/public/js/compiled/trowit.js" from ["src"]...
[31mFailed to compile build :dev from ["src"] in 0.321 seconds.[0m
[36m----  Could not Read  src/trowit/core.cljs   line:40 ----[0m

  [1m/home/leonid/projects/trowit/src/trowit/core.cljs [line 40, col 1] Unexpected EOF while reading item 9 of list, starting at line 12 and column 1.[0m

[36m----  Reader Error : Please see src/trowit/core.cljs  ----[0m
Compiling build :dev to "resources/public/js/compiled/trowit.js" from ["src"]...
[31mFailed to compile build :dev from ["src"] in 0.29 seconds.[0m
[36m----  Could not Read  src/trowit/core.cljs   line:40 ----[0m

  [1m/home/leonid/projects/trowit/src/trowit/core.cljs [line 40, col 1] Unexpected EOF while reading item 9 of list, starting at line 12 and column 1.[0m

[36m----  Reader Error : Please see src/trowit/core.cljs  ----[0m
Compiling build :dev to "resources/public/js/compiled/trowit.js" from ["src"]...
[32mSuccessfully compiled build :dev to "resources/public/js/compiled/trowit.js" in 0.692 seconds.[0m
notifying browser that file changed:  resources/public/js/compiled/out/trowit/core.js
Compiling build :dev to "resources/public/js/compiled/trowit.js" from ["src"]...
[32mSuccessfully compiled build :dev to "resources/public/js/compiled/trowit.js" in 0.73 seconds.[0m
notifying browser that file changed:  resources/public/js/compiled/out/trowit/core.js
Compiling build :dev to "resources/public/js/compiled/trowit.js" from ["src"]...
[32mSuccessfully compiled build :dev to "resources/public/js/compiled/trowit.js" in 1.421 seconds.[0m
notifying browser that file changed:  resources/public/js/compiled/out/goog/deps.js
notifying browser that file changed:  resources/public/js/compiled/out/cljs_deps.js
notifying browser that file changed:  resources/public/js/compiled/out/trowit/core.js
Compiling build :dev to "resources/public/js/compiled/trowit.js" from ["src"]...
[36m----  Compiler Warning on   src/trowit/core.cljs   line:29  column:21  ----[0m

  [1mUse of undeclared Var trowit.core/div[0m

  [36m25[0m  [36m    (.fillText ctx (- i 50) i 460))[0m
  [36m26[0m  [36m[0m
  [36m27[0m  [36m  (doseq [i (range 430 0 -20)][0m
  [36m28[0m  [36m    (.fillRect ctx 48 i 5 1)[0m
  [33m29[0m  [1m    (.fillText ctx (div i 430) 10 i)))[0m
  [0m  [0m  [33m                    ^--- Use of undeclared Var trowit.core/div[0m
  [36m30[0m  [36m  ;[0m
  [36m31[0m  [36m  ; (doseq [i (range 430 0 -20)][0m
  [36m32[0m  [36m  ;   (.fillText ctx (mod))))[0m
  [36m33[0m  [36m[0m
  [36m34[0m  [36m;; define your app data so that it doesn't get over-written on reload[0m

[36m----  Compiler Warning : Please see src/trowit/core.cljs  ----[0m
[36m----  Compiler Warning on   src/trowit/core.cljs   line:29  column:21  ----[0m

  [1mUse of undeclared Var trowit.core/div[0m

  [36m25[0m  [36m    (.fillText ctx (- i 50) i 460))[0m
  [36m26[0m  [36m[0m
  [36m27[0m  [36m  (doseq [i (range 430 0 -20)][0m
  [36m28[0m  [36m    (.fillRect ctx 48 i 5 1)[0m
  [33m29[0m  [1m    (.fillText ctx (div i 430) 10 i)))[0m
  [0m  [0m  [33m                    ^--- Use of undeclared Var trowit.core/div[0m
  [36m30[0m  [36m  ;[0m
  [36m31[0m  [36m  ; (doseq [i (range 430 0 -20)][0m
  [36m32[0m  [36m  ;   (.fillText ctx (mod))))[0m
  [36m33[0m  [36m[0m
  [36m34[0m  [36m;; define your app data so that it doesn't get over-written on reload[0m

[36m----  Compiler Warning : Please see src/trowit/core.cljs  ----[0m
[32mSuccessfully compiled build :dev to "resources/public/js/compiled/trowit.js" in 1.025 seconds.[0m
notifying browser that file changed:  resources/public/js/compiled/out/trowit/core.js
Compiling build :dev to "resources/public/js/compiled/trowit.js" from ["src"]...
[32mSuccessfully compiled build :dev to "resources/public/js/compiled/trowit.js" in 0.756 seconds.[0m
notifying browser that file changed:  resources/public/js/compiled/out/trowit/core.js
Compiling build :dev to "resources/public/js/compiled/trowit.js" from ["src"]...
[36m----  Compiler Warning on   src/trowit/core.cljs   line:29  column:21  ----[0m

  [1mUse of undeclared Var trowit.core/div[0m

  [36m25[0m  [36m    (.fillText ctx (- i 50) i 460))[0m
  [36m26[0m  [36m[0m
  [36m27[0m  [36m  (doseq [i (range 430 0 -20)][0m
  [36m28[0m  [36m    (.fillRect ctx 48 i 5 1)[0m
  [33m29[0m  [1m    (.fillText ctx (div i 430) 10 i)))[0m
  [0m  [0m  [33m                    ^--- Use of undeclared Var trowit.core/div[0m
  [36m30[0m  [36m  ;[0m
  [36m31[0m  [36m  ; (doseq [i (range 430 0 -20)][0m
  [36m32[0m  [36m  ;   (.fillText ctx (mod))))[0m
  [36m33[0m  [36m[0m
  [36m34[0m  [36m;; define your app data so that it doesn't get over-written on reload[0m

[36m----  Compiler Warning : Please see src/trowit/core.cljs  ----[0m
[36m----  Compiler Warning on   src/trowit/core.cljs   line:29  column:21  ----[0m

  [1mUse of undeclared Var trowit.core/div[0m

  [36m25[0m  [36m    (.fillText ctx (- i 50) i 460))[0m
  [36m26[0m  [36m[0m
  [36m27[0m  [36m  (doseq [i (range 430 0 -20)][0m
  [36m28[0m  [36m    (.fillRect ctx 48 i 5 1)[0m
  [33m29[0m  [1m    (.fillText ctx (div i 430) 10 i)))[0m
  [0m  [0m  [33m                    ^--- Use of undeclared Var trowit.core/div[0m
  [36m30[0m  [36m  ;[0m
  [36m31[0m  [36m  ; (doseq [i (range 430 0 -20)][0m
  [36m32[0m  [36m  ;   (.fillText ctx (mod))))[0m
  [36m33[0m  [36m[0m
  [36m34[0m  [36m;; define your app data so that it doesn't get over-written on reload[0m

[36m----  Compiler Warning : Please see src/trowit/core.cljs  ----[0m
[32mSuccessfully compiled build :dev to "resources/public/js/compiled/trowit.js" in 0.838 seconds.[0m
notifying browser that file changed:  resources/public/js/compiled/out/trowit/core.js
Compiling build :dev to "resources/public/js/compiled/trowit.js" from ["src"]...
[32mSuccessfully compiled build :dev to "resources/public/js/compiled/trowit.js" in 0.906 seconds.[0m
notifying browser that file changed:  resources/public/js/compiled/out/trowit/core.js
Compiling build :dev to "resources/public/js/compiled/trowit.js" from ["src"]...
[32mSuccessfully compiled build :dev to "resources/public/js/compiled/trowit.js" in 0.895 seconds.[0m
notifying browser that file changed:  resources/public/js/compiled/out/trowit/core.js
Compiling build :dev to "resources/public/js/compiled/trowit.js" from ["src"]...
[32mSuccessfully compiled build :dev to "resources/public/js/compiled/trowit.js" in 0.918 seconds.[0m
notifying browser that file changed:  resources/public/js/compiled/out/trowit/core.js
Compiling build :dev to "resources/public/js/compiled/trowit.js" from ["src"]...
[32mSuccessfully compiled build :dev to "resources/public/js/compiled/trowit.js" in 0.732 seconds.[0m
notifying browser that file changed:  resources/public/js/compiled/out/trowit/core.js
Compiling build :dev to "resources/public/js/compiled/trowit.js" from ["src"]...
[32mSuccessfully compiled build :dev to "resources/public/js/compiled/trowit.js" in 0.898 seconds.[0m
notifying browser that file changed:  resources/public/js/compiled/out/trowit/core.js
Compiling build :dev to "resources/public/js/compiled/trowit.js" from ["src"]...
[32mSuccessfully compiled build :dev to "resources/public/js/compiled/trowit.js" in 0.728 seconds.[0m
notifying browser that file changed:  resources/public/js/compiled/out/trowit/core.js
Compiling build :dev to "resources/public/js/compiled/trowit.js" from ["src"]...
[32mSuccessfully compiled build :dev to "resources/public/js/compiled/trowit.js" in 0.753 seconds.[0m
notifying browser that file changed:  resources/public/js/compiled/out/trowit/core.js
Compiling build :dev to "resources/public/js/compiled/trowit.js" from ["src"]...
[31mFailed to compile build :dev from ["src"] in 0.33 seconds.[0m
[36m----  Could not Analyze  src/trowit/core.cljs   line:33  column:5  ----[0m

  [1mdoseq requires a vector for its binding[0m

  [36m31[0m  [36m(let [marks (range 10 431 20)[0m
  [36m32[0m  [36m      labels (range 410 0 20)][0m
  [33m33[0m  [1m  (doseq ([[i j] (map list marks labels)])[0m
  [0m  [0m  [33m  ^--- doseq requires a vector for its binding[0m
  [36m34[0m  [36m    (.fillRect ctx i 48 1 5)[0m
  [36m35[0m  [36m    (.fillText ctx j 10))))[0m

[36m----  Analysis Error : Please see src/trowit/core.cljs  ----[0m
Compiling build :dev to "resources/public/js/compiled/trowit.js" from ["src"]...
[31mFailed to compile build :dev from ["src"] in 0.341 seconds.[0m
[36m----  Could not Analyze  src/trowit/core.cljs   line:33  column:5  ----[0m

  [1mdoseq requires a vector for its binding[0m

  [36m31[0m  [36m(let [marks (range 10 431 20)[0m
  [36m32[0m  [36m      labels (range 410 0 20)][0m
  [33m33[0m  [1m  (doseq ([[i j] (map vector marks labels)])[0m
  [0m  [0m  [33m  ^--- doseq requires a vector for its binding[0m
  [36m34[0m  [36m    (.fillRect ctx i 48 1 5)[0m
  [36m35[0m  [36m    (.fillText ctx j 10))))[0m

[36m----  Analysis Error : Please see src/trowit/core.cljs  ----[0m
Compiling build :dev to "resources/public/js/compiled/trowit.js" from ["src"]...
[32mSuccessfully compiled build :dev to "resources/public/js/compiled/trowit.js" in 0.933 seconds.[0m
notifying browser that file changed:  resources/public/js/compiled/out/goog/deps.js
notifying browser that file changed:  resources/public/js/compiled/out/cljs_deps.js
notifying browser that file changed:  resources/public/js/compiled/out/trowit/core.js
Compiling build :dev to "resources/public/js/compiled/trowit.js" from ["src"]...
[32mSuccessfully compiled build :dev to "resources/public/js/compiled/trowit.js" in 0.815 seconds.[0m
notifying browser that file changed:  resources/public/js/compiled/out/trowit/core.js
Compiling build :dev to "resources/public/js/compiled/trowit.js" from ["src"]...
[32mSuccessfully compiled build :dev to "resources/public/js/compiled/trowit.js" in 0.77 seconds.[0m
notifying browser that file changed:  resources/public/js/compiled/out/trowit/core.js
Compiling build :dev to "resources/public/js/compiled/trowit.js" from ["src"]...
[32mSuccessfully compiled build :dev to "resources/public/js/compiled/trowit.js" in 0.751 seconds.[0m
notifying browser that file changed:  resources/public/js/compiled/out/trowit/core.js
Compiling build :dev to "resources/public/js/compiled/trowit.js" from ["src"]...
[32mSuccessfully compiled build :dev to "resources/public/js/compiled/trowit.js" in 1.648 seconds.[0m
notifying browser that file changed:  resources/public/js/compiled/out/trowit/core.js
Compiling build :dev to "resources/public/js/compiled/trowit.js" from ["src"]...
[32mSuccessfully compiled build :dev to "resources/public/js/compiled/trowit.js" in 0.687 seconds.[0m
notifying browser that file changed:  resources/public/js/compiled/out/trowit/core.js
Compiling build :dev to "resources/public/js/compiled/trowit.js" from ["src"]...
[32mSuccessfully compiled build :dev to "resources/public/js/compiled/trowit.js" in 0.827 seconds.[0m
notifying browser that file changed:  resources/public/js/compiled/out/trowit/core.js
Compiling build :dev to "resources/public/js/compiled/trowit.js" from ["src"]...
[32mSuccessfully compiled build :dev to "resources/public/js/compiled/trowit.js" in 1.004 seconds.[0m
notifying browser that file changed:  resources/public/js/compiled/out/trowit/core.js
Compiling build :dev to "resources/public/js/compiled/trowit.js" from ["src"]...
[36m----  Compiler Warning on   src/trowit/core.cljs   line:33  column:12  ----[0m

  [1mUse of undeclared Var trowit.core/label[0m

  [36m29[0m  [36m  ;   (.fillText ctx (mod i 430) 10 i))[0m
  [36m30[0m  [36m[0m
  [36m31[0m  [36m  (let [marks (range 10 431 20)[0m
  [36m32[0m  [36m        labels (range 410 0 20)][0m
  [33m33[0m  [1m    (print label)[0m
  [0m  [0m  [33m           ^--- Use of undeclared Var trowit.core/label[0m
  [36m34[0m  [36m    (doseq [[i j] (map vector marks labels)][0m
  [36m35[0m  [36m      (print i j)[0m
  [36m36[0m  [36m      (.fillRect ctx i 48 1 5)[0m
  [36m37[0m  [36m      (.fillText ctx j 10 i))))[0m

[36m----  Compiler Warning : Please see src/trowit/core.cljs  ----[0m
[32mSuccessfully compiled build :dev to "resources/public/js/compiled/trowit.js" in 0.911 seconds.[0m
notifying browser that file changed:  resources/public/js/compiled/out/trowit/core.js
Compiling build :dev to "resources/public/js/compiled/trowit.js" from ["src"]...
[32mSuccessfully compiled build :dev to "resources/public/js/compiled/trowit.js" in 0.908 seconds.[0m
notifying browser that file changed:  resources/public/js/compiled/out/trowit/core.js
Compiling build :dev to "resources/public/js/compiled/trowit.js" from ["src"]...
[32mSuccessfully compiled build :dev to "resources/public/js/compiled/trowit.js" in 0.954 seconds.[0m
notifying browser that file changed:  resources/public/js/compiled/out/trowit/core.js
Compiling build :dev to "resources/public/js/compiled/trowit.js" from ["src"]...
[32mSuccessfully compiled build :dev to "resources/public/js/compiled/trowit.js" in 0.788 seconds.[0m
notifying browser that file changed:  resources/public/js/compiled/out/trowit/core.js
Compiling build :dev to "resources/public/js/compiled/trowit.js" from ["src"]...
[32mSuccessfully compiled build :dev to "resources/public/js/compiled/trowit.js" in 0.724 seconds.[0m
notifying browser that file changed:  resources/public/js/compiled/out/trowit/core.js
Compiling build :dev to "resources/public/js/compiled/trowit.js" from ["src"]...
[32mSuccessfully compiled build :dev to "resources/public/js/compiled/trowit.js" in 0.804 seconds.[0m
notifying browser that file changed:  resources/public/js/compiled/out/trowit/core.js
Compiling build :dev to "resources/public/js/compiled/trowit.js" from ["src"]...
[32mSuccessfully compiled build :dev to "resources/public/js/compiled/trowit.js" in 0.9 seconds.[0m
notifying browser that file changed:  resources/public/js/compiled/out/trowit/core.js
Compiling build :dev to "resources/public/js/compiled/trowit.js" from ["src"]...
[32mSuccessfully compiled build :dev to "resources/public/js/compiled/trowit.js" in 1.03 seconds.[0m
notifying browser that file changed:  resources/public/js/compiled/out/trowit/core.js
Compiling build :dev to "resources/public/js/compiled/trowit.js" from ["src"]...
[32mSuccessfully compiled build :dev to "resources/public/js/compiled/trowit.js" in 0.777 seconds.[0m
notifying browser that file changed:  resources/public/js/compiled/out/trowit/core.js
Compiling build :dev to "resources/public/js/compiled/trowit.js" from ["src"]...
[32mSuccessfully compiled build :dev to "resources/public/js/compiled/trowit.js" in 0.914 seconds.[0m
notifying browser that file changed:  resources/public/js/compiled/out/trowit/core.js
Compiling build :dev to "resources/public/js/compiled/trowit.js" from ["src"]...
[32mSuccessfully compiled build :dev to "resources/public/js/compiled/trowit.js" in 0.741 seconds.[0m
notifying browser that file changed:  resources/public/js/compiled/out/trowit/core.js
Compiling build :dev to "resources/public/js/compiled/trowit.js" from ["src"]...
[32mSuccessfully compiled build :dev to "resources/public/js/compiled/trowit.js" in 0.754 seconds.[0m
notifying browser that file changed:  resources/public/js/compiled/out/trowit/core.js
Compiling build :dev to "resources/public/js/compiled/trowit.js" from ["src"]...
[31mFailed to compile build :dev from ["src"] in 0.379 seconds.[0m
[36m----  Could not Read  src/trowit/core.cljs   line:59 ----[0m

  [1m/home/leonid/projects/trowit/src/trowit/core.cljs [line 59, col 27] Invalid symbol: x:.[0m

  [36m57[0m  [36m             (+ y0 (* vel0 t) (/ (* a t t) 2))[0m
  [36m58[0m  [36m             (+ t time-step)[0m
  [33m59[0m  [1m             (conj res {x: x y: y t: t})))))[0m
  [0m  [0m  [33m             /home/leonid/projects/trowit/src/trowit/core.cljs [line 59, col 27] Invalid symbol: x:.[0m
  [36m60[0m  [36m[0m
  [36m61[0m  [36m(defn on-js-reload [][0m
  [36m62[0m  [36m  ;; optionally touch your app-state to force rerendering depending on[0m

[36m----  Reader Error : Please see src/trowit/core.cljs  ----[0m
Compiling build :dev to "resources/public/js/compiled/trowit.js" from ["src"]...
[36m----  Compiler Warning on   src/trowit/core.cljs   line:56  column:34  ----[0m

  [1mUse of undeclared Var trowit.core/a[0m

  [36m52[0m  [36m(defn throw [vel0 y0 acc time-step][0m
  [36m53[0m  [36m  (loop [x 0 y y0 t 0.0 res []][0m
  [36m54[0m  [36m    (if (<= x 0)[0m
  [36m55[0m  [36m      res[0m
  [33m56[0m  [1m      (recur (+ (* vel0 t) (/ (* a t t) 2))[0m
  [0m  [0m  [33m                                 ^--- Use of undeclared Var trowit.core/a[0m
  [36m57[0m  [36m             (+ y0 (* vel0 t) (/ (* a t t) 2))[0m
  [36m58[0m  [36m             (+ t time-step)[0m
  [36m59[0m  [36m             (conj res {:x x :y y :t t})))))[0m
  [36m60[0m  [36m[0m
  [36m61[0m  [36m(defn on-js-reload [][0m

[36m----  Compiler Warning : Please see src/trowit/core.cljs  ----[0m
[36m----  Compiler Warning on   src/trowit/core.cljs   line:57  column:37  ----[0m

  [1mUse of undeclared Var trowit.core/a[0m

  [36m53[0m  [36m  (loop [x 0 y y0 t 0.0 res []][0m
  [36m54[0m  [36m    (if (<= x 0)[0m
  [36m55[0m  [36m      res[0m
  [36m56[0m  [36m      (recur (+ (* vel0 t) (/ (* a t t) 2))[0m
  [33m57[0m  [1m             (+ y0 (* vel0 t) (/ (* a t t) 2))[0m
  [0m  [0m  [33m                                    ^--- Use of undeclared Var trowit.core/a[0m
  [36m58[0m  [36m             (+ t time-step)[0m
  [36m59[0m  [36m             (conj res {:x x :y y :t t})))))[0m
  [36m60[0m  [36m[0m
  [36m61[0m  [36m(defn on-js-reload [][0m
  [36m62[0m  [36m  ;; optionally touch your app-state to force rerendering depending on[0m

[36m----  Compiler Warning : Please see src/trowit/core.cljs  ----[0m
[32mSuccessfully compiled build :dev to "resources/public/js/compiled/trowit.js" in 1.309 seconds.[0m
notifying browser that file changed:  resources/public/js/compiled/out/goog/deps.js
notifying browser that file changed:  resources/public/js/compiled/out/cljs_deps.js
notifying browser that file changed:  resources/public/js/compiled/out/trowit/core.js
Compiling build :dev to "resources/public/js/compiled/trowit.js" from ["src"]...
[32mSuccessfully compiled build :dev to "resources/public/js/compiled/trowit.js" in 0.845 seconds.[0m
notifying browser that file changed:  resources/public/js/compiled/out/trowit/core.js
Compiling build :dev to "resources/public/js/compiled/trowit.js" from ["src"]...
[32mSuccessfully compiled build :dev to "resources/public/js/compiled/trowit.js" in 0.821 seconds.[0m
notifying browser that file changed:  resources/public/js/compiled/out/trowit/core.js
Compiling build :dev to "resources/public/js/compiled/trowit.js" from ["src"]...
[32mSuccessfully compiled build :dev to "resources/public/js/compiled/trowit.js" in 0.808 seconds.[0m
notifying browser that file changed:  resources/public/js/compiled/out/trowit/core.js
Compiling build :dev to "resources/public/js/compiled/trowit.js" from ["src"]...
[32mSuccessfully compiled build :dev to "resources/public/js/compiled/trowit.js" in 0.798 seconds.[0m
notifying browser that file changed:  resources/public/js/compiled/out/trowit/core.js
Compiling build :dev to "resources/public/js/compiled/trowit.js" from ["src"]...
[32mSuccessfully compiled build :dev to "resources/public/js/compiled/trowit.js" in 0.761 seconds.[0m
notifying browser that file changed:  resources/public/js/compiled/out/trowit/core.js
Compiling build :dev to "resources/public/js/compiled/trowit.js" from ["src"]...
[36m----  Compiler Warning on   src/trowit/core.cljs   line:66  column:4  ----[0m

  [1mUse of undeclared Var trowit.core/alert[0m

  [36m62[0m  [36m  (doseq [i dots][0m
  [36m63[0m  [36m    (draw-point (:x i) (:y i))))[0m
  [36m64[0m  [36m[0m
  [36m65[0m  [36m(set! (.-onclick (.getElementById js/document)) (fn [e][0m
  [33m66[0m  [1m  (alert "fuck")))[0m
  [0m  [0m  [33m   ^--- Use of undeclared Var trowit.core/alert[0m
  [36m67[0m  [36m[0m
  [36m68[0m  [36m(defn on-js-reload [][0m
  [36m69[0m  [36m  ;; optionally touch your app-state to force rerendering depending on[0m
  [36m70[0m  [36m  ;; your application[0m
  [36m71[0m  [36m  ;; (swap! app-state update-in [:__figwheel_counter] inc)[0m

[36m----  Compiler Warning : Please see src/trowit/core.cljs  ----[0m
[32mSuccessfully compiled build :dev to "resources/public/js/compiled/trowit.js" in 0.901 seconds.[0m
notifying browser that file changed:  resources/public/js/compiled/out/trowit/core.js
Compiling build :dev to "resources/public/js/compiled/trowit.js" from ["src"]...
[36m----  Compiler Warning on   src/trowit/core.cljs   line:66  column:4  ----[0m

  [1mUse of undeclared Var trowit.core/alert[0m

  [36m62[0m  [36m  (doseq [i dots][0m
  [36m63[0m  [36m    (draw-point (:x i) (:y i))))[0m
  [36m64[0m  [36m[0m
  [36m65[0m  [36m(set! (.-onclick (.getElementById js/document)) (fn [e][0m
  [33m66[0m  [1m  (alert "fuc")))[0m
  [0m  [0m  [33m   ^--- Use of undeclared Var trowit.core/alert[0m
  [36m67[0m  [36m[0m
  [36m68[0m  [36m(defn on-js-reload [][0m
  [36m69[0m  [36m  ;; optionally touch your app-state to force rerendering depending on[0m
  [36m70[0m  [36m  ;; your application[0m
  [36m71[0m  [36m  ;; (swap! app-state update-in [:__figwheel_counter] inc)[0m

[36m----  Compiler Warning : Please see src/trowit/core.cljs  ----[0m
[32mSuccessfully compiled build :dev to "resources/public/js/compiled/trowit.js" in 0.872 seconds.[0m
notifying browser that file changed:  resources/public/js/compiled/out/trowit/core.js
Compiling build :dev to "resources/public/js/compiled/trowit.js" from ["src"]...
[32mSuccessfully compiled build :dev to "resources/public/js/compiled/trowit.js" in 0.763 seconds.[0m
notifying browser that file changed:  resources/public/js/compiled/out/trowit/core.js
Compiling build :dev to "resources/public/js/compiled/trowit.js" from ["src"]...
[32mSuccessfully compiled build :dev to "resources/public/js/compiled/trowit.js" in 0.767 seconds.[0m
notifying browser that file changed:  resources/public/js/compiled/out/trowit/core.js
Compiling build :dev to "resources/public/js/compiled/trowit.js" from ["src"]...
[32mSuccessfully compiled build :dev to "resources/public/js/compiled/trowit.js" in 0.768 seconds.[0m
notifying browser that file changed:  resources/public/js/compiled/out/trowit/core.js
Compiling build :dev to "resources/public/js/compiled/trowit.js" from ["src"]...
[32mSuccessfully compiled build :dev to "resources/public/js/compiled/trowit.js" in 0.77 seconds.[0m
notifying browser that file changed:  resources/public/js/compiled/out/trowit/core.js
Compiling build :dev to "resources/public/js/compiled/trowit.js" from ["src"]...
[32mSuccessfully compiled build :dev to "resources/public/js/compiled/trowit.js" in 0.788 seconds.[0m
notifying browser that file changed:  resources/public/js/compiled/out/trowit/core.js
Compiling build :dev to "resources/public/js/compiled/trowit.js" from ["src"]...
[32mSuccessfully compiled build :dev to "resources/public/js/compiled/trowit.js" in 0.793 seconds.[0m
notifying browser that file changed:  resources/public/js/compiled/out/trowit/core.js
Compiling build :dev to "resources/public/js/compiled/trowit.js" from ["src"]...
[32mSuccessfully compiled build :dev to "resources/public/js/compiled/trowit.js" in 0.763 seconds.[0m
notifying browser that file changed:  resources/public/js/compiled/out/trowit/core.js
Compiling build :dev to "resources/public/js/compiled/trowit.js" from ["src"]...
[32mSuccessfully compiled build :dev to "resources/public/js/compiled/trowit.js" in 0.749 seconds.[0m
notifying browser that file changed:  resources/public/js/compiled/out/trowit/core.js
Compiling build :dev to "resources/public/js/compiled/trowit.js" from ["src"]...
[36m----  Compiler Warning on   src/trowit/core.cljs   line:70  column:9  ----[0m

  [1mWrong number of args (0) passed to trowit.core/trow[0m

  [36m66[0m  [36m  (let [vel (.-value (.getElementById js/document "velocity"))[0m
  [36m67[0m  [36m        y0 (.-value (.getElementById js/document "y"))[0m
  [36m68[0m  [36m        acc (.-value (.getElementById js/document "acceleration"))[0m
  [36m69[0m  [36m        step (.-value (.getElementById js/document "timestep"))][0m
  [33m70[0m  [1m    (-> (trow )))))[0m
  [0m  [0m  [33m        ^--- Wrong number of args (0) passed to trowit.core/trow[0m
  [36m71[0m  [36m[0m
  [36m72[0m  [36m(defn on-js-reload [][0m
  [36m73[0m  [36m  ;; optionally touch your app-state to force rerendering depending on[0m
  [36m74[0m  [36m  ;; your application[0m
  [36m75[0m  [36m  ;; (swap! app-state update-in [:__figwheel_counter] inc)[0m

[36m----  Compiler Warning : Please see src/trowit/core.cljs  ----[0m
[32mSuccessfully compiled build :dev to "resources/public/js/compiled/trowit.js" in 0.836 seconds.[0m
notifying browser that file changed:  resources/public/js/compiled/out/trowit/core.js
Compiling build :dev to "resources/public/js/compiled/trowit.js" from ["src"]...
[32mSuccessfully compiled build :dev to "resources/public/js/compiled/trowit.js" in 0.737 seconds.[0m
notifying browser that file changed:  resources/public/js/compiled/out/trowit/core.js
Compiling build :dev to "resources/public/js/compiled/trowit.js" from ["src"]...
[32mSuccessfully compiled build :dev to "resources/public/js/compiled/trowit.js" in 0.807 seconds.[0m
notifying browser that file changed:  resources/public/js/compiled/out/trowit/core.js
Compiling build :dev to "resources/public/js/compiled/trowit.js" from ["src"]...
[32mSuccessfully compiled build :dev to "resources/public/js/compiled/trowit.js" in 0.813 seconds.[0m
notifying browser that file changed:  resources/public/js/compiled/out/trowit/core.js
Compiling build :dev to "resources/public/js/compiled/trowit.js" from ["src"]...
[32mSuccessfully compiled build :dev to "resources/public/js/compiled/trowit.js" in 2.809 seconds.[0m
notifying browser that file changed:  resources/public/js/compiled/out/trowit/core.js
Compiling build :dev to "resources/public/js/compiled/trowit.js" from ["src"]...
[32mSuccessfully compiled build :dev to "resources/public/js/compiled/trowit.js" in 1.637 seconds.[0m
notifying browser that file changed:  resources/public/js/compiled/out/goog/deps.js
notifying browser that file changed:  resources/public/js/compiled/out/cljs_deps.js
notifying browser that file changed:  resources/public/js/compiled/out/trowit/core.js
Compiling build :dev to "resources/public/js/compiled/trowit.js" from ["src"]...
[32mSuccessfully compiled build :dev to "resources/public/js/compiled/trowit.js" in 0.797 seconds.[0m
notifying browser that file changed:  resources/public/js/compiled/out/trowit/core.js
Compiling build :dev to "resources/public/js/compiled/trowit.js" from ["src"]...
[32mSuccessfully compiled build :dev to "resources/public/js/compiled/trowit.js" in 0.778 seconds.[0m
notifying browser that file changed:  resources/public/js/compiled/out/trowit/core.js
Compiling build :dev to "resources/public/js/compiled/trowit.js" from ["src"]...
[32mSuccessfully compiled build :dev to "resources/public/js/compiled/trowit.js" in 0.748 seconds.[0m
notifying browser that file changed:  resources/public/js/compiled/out/trowit/core.js
Compiling build :dev to "resources/public/js/compiled/trowit.js" from ["src"]...
[32mSuccessfully compiled build :dev to "resources/public/js/compiled/trowit.js" in 0.752 seconds.[0m
notifying browser that file changed:  resources/public/js/compiled/out/trowit/core.js
Compiling build :dev to "resources/public/js/compiled/trowit.js" from ["src"]...
[32mSuccessfully compiled build :dev to "resources/public/js/compiled/trowit.js" in 0.736 seconds.[0m
notifying browser that file changed:  resources/public/js/compiled/out/trowit/core.js
Compiling build :dev to "resources/public/js/compiled/trowit.js" from ["src"]...
[32mSuccessfully compiled build :dev to "resources/public/js/compiled/trowit.js" in 0.734 seconds.[0m
notifying browser that file changed:  resources/public/js/compiled/out/trowit/core.js
Compiling build :dev to "resources/public/js/compiled/trowit.js" from ["src"]...
[32mSuccessfully compiled build :dev to "resources/public/js/compiled/trowit.js" in 0.714 seconds.[0m
notifying browser that file changed:  resources/public/js/compiled/out/trowit/core.js
Compiling build :dev to "resources/public/js/compiled/trowit.js" from ["src"]...
[32mSuccessfully compiled build :dev to "resources/public/js/compiled/trowit.js" in 0.919 seconds.[0m
notifying browser that file changed:  resources/public/js/compiled/out/goog/deps.js
notifying browser that file changed:  resources/public/js/compiled/out/cljs_deps.js
notifying browser that file changed:  resources/public/js/compiled/out/trowit/core.js
Compiling build :dev to "resources/public/js/compiled/trowit.js" from ["src"]...
[32mSuccessfully compiled build :dev to "resources/public/js/compiled/trowit.js" in 0.807 seconds.[0m
notifying browser that file changed:  resources/public/js/compiled/out/trowit/core.js
Compiling build :dev to "resources/public/js/compiled/trowit.js" from ["src"]...
[32mSuccessfully compiled build :dev to "resources/public/js/compiled/trowit.js" in 0.795 seconds.[0m
notifying browser that file changed:  resources/public/js/compiled/out/trowit/core.js
Compiling build :dev to "resources/public/js/compiled/trowit.js" from ["src"]...
[32mSuccessfully compiled build :dev to "resources/public/js/compiled/trowit.js" in 0.791 seconds.[0m
notifying browser that file changed:  resources/public/js/compiled/out/trowit/core.js
Compiling build :dev to "resources/public/js/compiled/trowit.js" from ["src"]...
[32mSuccessfully compiled build :dev to "resources/public/js/compiled/trowit.js" in 1.362 seconds.[0m
notifying browser that file changed:  resources/public/js/compiled/out/trowit/core.js
Compiling build :dev to "resources/public/js/compiled/trowit.js" from ["src"]...
[31mFailed to compile build :dev from ["src"] in 0.36 seconds.[0m
[36m----  Could not Analyze  src/trowit/core.cljs   line:56  column:7  ----[0m

  [1mrecur argument count mismatch, expected: 5 args, got: 4 at line 56 src/trowit/core.cljs[0m

  [36m54[0m  [36m(if (= p 10)[0m
  [36m55[0m  [36m  res[0m
  [33m56[0m  [1m  (recur (+ 50 (* vel0 t)) ;; (/ (* acc t t) 2))[0m
  [0m  [0m  [33m  ^--- recur argument count mismatch, expected: 5 args, got: 4 at line 56 src/trowit/core.cljs[0m
  [36m57[0m  [36m         (- y0 (/ (* 9.8 t t) 2))[0m
  [36m58[0m  [36m         (+ t time-step)[0m
  [36m59[0m  [36m         (conj res {:x x :y y :t t}))))[0m

[36m----  Analysis Error : Please see src/trowit/core.cljs  ----[0m
Compiling build :dev to "resources/public/js/compiled/trowit.js" from ["src"]...
[31mFailed to compile build :dev from ["src"] in 0.373 seconds.[0m
[36m----  Could not Analyze  src/trowit/core.cljs   line:56  column:7  ----[0m

  [1mrecur argument count mismatch, expected: 5 args, got: 4 at line 56 src/trowit/core.cljs[0m

  [36m54[0m  [36m(if (= p 10)[0m
  [36m55[0m  [36m  res[0m
  [33m56[0m  [1m  (recur (+ 50 (* vel0 t))[0m
  [0m  [0m  [33m  ^--- recur argument count mismatch, expected: 5 args, got: 4 at line 56 src/trowit/core.cljs[0m
  [36m57[0m  [36m         (- y0 (/ (* 9.8 t t) 2))[0m
  [36m58[0m  [36m         (+ t time-step)[0m
  [36m59[0m  [36m         (conj res {:x x :y y :t t}))))[0m

[36m----  Analysis Error : Please see src/trowit/core.cljs  ----[0m
Compiling build :dev to "resources/public/js/compiled/trowit.js" from ["src"]...
[32mSuccessfully compiled build :dev to "resources/public/js/compiled/trowit.js" in 0.783 seconds.[0m
notifying browser that file changed:  resources/public/js/compiled/out/trowit/core.js
Compiling build :dev to "resources/public/js/compiled/trowit.js" from ["src"]...
[32mSuccessfully compiled build :dev to "resources/public/js/compiled/trowit.js" in 0.781 seconds.[0m
notifying browser that file changed:  resources/public/js/compiled/out/trowit/core.js
Compiling build :dev to "resources/public/js/compiled/trowit.js" from ["src"]...
[32mSuccessfully compiled build :dev to "resources/public/js/compiled/trowit.js" in 0.746 seconds.[0m
notifying browser that file changed:  resources/public/js/compiled/out/trowit/core.js
Compiling build :dev to "resources/public/js/compiled/trowit.js" from ["src"]...
[32mSuccessfully compiled build :dev to "resources/public/js/compiled/trowit.js" in 0.735 seconds.[0m
notifying browser that file changed:  resources/public/js/compiled/out/trowit/core.js
Compiling build :dev to "resources/public/js/compiled/trowit.js" from ["src"]...
[32mSuccessfully compiled build :dev to "resources/public/js/compiled/trowit.js" in 0.784 seconds.[0m
notifying browser that file changed:  resources/public/js/compiled/out/trowit/core.js
Compiling build :dev to "resources/public/js/compiled/trowit.js" from ["src"]...
[32mSuccessfully compiled build :dev to "resources/public/js/compiled/trowit.js" in 0.742 seconds.[0m
notifying browser that file changed:  resources/public/js/compiled/out/trowit/core.js
Compiling build :dev to "resources/public/js/compiled/trowit.js" from ["src"]...
[32mSuccessfully compiled build :dev to "resources/public/js/compiled/trowit.js" in 0.861 seconds.[0m
notifying browser that file changed:  resources/public/js/compiled/out/goog/deps.js
notifying browser that file changed:  resources/public/js/compiled/out/cljs_deps.js
notifying browser that file changed:  resources/public/js/compiled/out/trowit/core.js
Compiling build :dev to "resources/public/js/compiled/trowit.js" from ["src"]...
[32mSuccessfully compiled build :dev to "resources/public/js/compiled/trowit.js" in 0.804 seconds.[0m
notifying browser that file changed:  resources/public/js/compiled/out/trowit/core.js
Compiling build :dev to "resources/public/js/compiled/trowit.js" from ["src"]...
[32mSuccessfully compiled build :dev to "resources/public/js/compiled/trowit.js" in 0.79 seconds.[0m
notifying browser that file changed:  resources/public/js/compiled/out/trowit/core.js
Compiling build :dev to "resources/public/js/compiled/trowit.js" from ["src"]...
[32mSuccessfully compiled build :dev to "resources/public/js/compiled/trowit.js" in 0.764 seconds.[0m
notifying browser that file changed:  resources/public/js/compiled/out/trowit/core.js
Compiling build :dev to "resources/public/js/compiled/trowit.js" from ["src"]...
[32mSuccessfully compiled build :dev to "resources/public/js/compiled/trowit.js" in 0.707 seconds.[0m
notifying browser that file changed:  resources/public/js/compiled/out/trowit/core.js
Compiling build :dev to "resources/public/js/compiled/trowit.js" from ["src"]...
[32mSuccessfully compiled build :dev to "resources/public/js/compiled/trowit.js" in 1.726 seconds.[0m
notifying browser that file changed:  resources/public/js/compiled/out/goog/deps.js
notifying browser that file changed:  resources/public/js/compiled/out/cljs_deps.js
notifying browser that file changed:  resources/public/js/compiled/out/trowit/core.js
Compiling build :dev to "resources/public/js/compiled/trowit.js" from ["src"]...
[32mSuccessfully compiled build :dev to "resources/public/js/compiled/trowit.js" in 0.804 seconds.[0m
notifying browser that file changed:  resources/public/js/compiled/out/trowit/core.js
Compiling build :dev to "resources/public/js/compiled/trowit.js" from ["src"]...
[32mSuccessfully compiled build :dev to "resources/public/js/compiled/trowit.js" in 0.792 seconds.[0m
notifying browser that file changed:  resources/public/js/compiled/out/trowit/core.js
Compiling build :dev to "resources/public/js/compiled/trowit.js" from ["src"]...
[32mSuccessfully compiled build :dev to "resources/public/js/compiled/trowit.js" in 0.772 seconds.[0m
notifying browser that file changed:  resources/public/js/compiled/out/trowit/core.js
Compiling build :dev to "resources/public/js/compiled/trowit.js" from ["src"]...
[32mSuccessfully compiled build :dev to "resources/public/js/compiled/trowit.js" in 0.757 seconds.[0m
notifying browser that file changed:  resources/public/js/compiled/out/trowit/core.js
Compiling build :dev to "resources/public/js/compiled/trowit.js" from ["src"]...
[32mSuccessfully compiled build :dev to "resources/public/js/compiled/trowit.js" in 0.747 seconds.[0m
notifying browser that file changed:  resources/public/js/compiled/out/trowit/core.js
Compiling build :dev to "resources/public/js/compiled/trowit.js" from ["src"]...
[32mSuccessfully compiled build :dev to "resources/public/js/compiled/trowit.js" in 0.744 seconds.[0m
notifying browser that file changed:  resources/public/js/compiled/out/trowit/core.js
Compiling build :dev to "resources/public/js/compiled/trowit.js" from ["src"]...
[32mSuccessfully compiled build :dev to "resources/public/js/compiled/trowit.js" in 0.727 seconds.[0m
notifying browser that file changed:  resources/public/js/compiled/out/trowit/core.js
Compiling build :dev to "resources/public/js/compiled/trowit.js" from ["src"]...
[32mSuccessfully compiled build :dev to "resources/public/js/compiled/trowit.js" in 0.748 seconds.[0m
notifying browser that file changed:  resources/public/js/compiled/out/trowit/core.js
Compiling build :dev to "resources/public/js/compiled/trowit.js" from ["src"]...
[32mSuccessfully compiled build :dev to "resources/public/js/compiled/trowit.js" in 0.743 seconds.[0m
notifying browser that file changed:  resources/public/js/compiled/out/trowit/core.js
Compiling build :dev to "resources/public/js/compiled/trowit.js" from ["src"]...
[32mSuccessfully compiled build :dev to "resources/public/js/compiled/trowit.js" in 0.738 seconds.[0m
notifying browser that file changed:  resources/public/js/compiled/out/trowit/core.js
Compiling build :dev to "resources/public/js/compiled/trowit.js" from ["src"]...
[32mSuccessfully compiled build :dev to "resources/public/js/compiled/trowit.js" in 0.77 seconds.[0m
notifying browser that file changed:  resources/public/js/compiled/out/trowit/core.js
Compiling build :dev to "resources/public/js/compiled/trowit.js" from ["src"]...
[32mSuccessfully compiled build :dev to "resources/public/js/compiled/trowit.js" in 0.746 seconds.[0m
notifying browser that file changed:  resources/public/js/compiled/out/trowit/core.js
Compiling build :dev to "resources/public/js/compiled/trowit.js" from ["src"]...
[32mSuccessfully compiled build :dev to "resources/public/js/compiled/trowit.js" in 0.743 seconds.[0m
notifying browser that file changed:  resources/public/js/compiled/out/trowit/core.js
Compiling build :dev to "resources/public/js/compiled/trowit.js" from ["src"]...
[31mFailed to compile build :dev from ["src"] in 0.362 seconds.[0m
[36m----  Could not Analyze  src/trowit/core.cljs   line:75  column:9  ----[0m

  [1mUnknown dot form of (. nil -fillStyle nil) with classification [:cljs.analyzer/error :cljs.analyzer/property ()][0m

  [36m73[0m  [36m(.clearRect ctx 0 0 (.-width canvas) (.-height canvas))[0m
  [36m74[0m  [36m(init-plot)[0m
  [33m75[0m  [1m(set! (.-fillStyle ))[0m
  [0m  [0m  [33m      ^--- Unknown dot form of (. nil -fillStyle nil) with classification [:cljs.analyzer/error :cljs.analyzer/property ()][0m
  [36m76[0m  [36m(let [vel (.-value (.getElementById js/document "velocity"))[0m
  [36m77[0m  [36m      y0 (.-value (.getElementById js/document "y"))[0m
  [36m78[0m  [36m      acc (.-value (.getElementById js/document "acceleration"))[0m

[36m----  Analysis Error : Please see src/trowit/core.cljs  ----[0m
Compiling build :dev to "resources/public/js/compiled/trowit.js" from ["src"]...
[36m----  Compiler Warning on   src/trowit/core.cljs   line:75  column:28  ----[0m

  [1mUse of undeclared Var trowit.core/random-colour[0m

  [36m72[0m  [36m(set! (.-onclick (.getElementById js/document "draw")) (fn [e][0m
  [36m73[0m  [36m  (.clearRect ctx 0 0 (.-width canvas) (.-height canvas))[0m
  [36m74[0m  [36m  (init-plot)[0m
  [33m75[0m  [1m  (set! (.-fillStyle ctx) (random-colour))[0m
  [0m  [0m  [33m                           ^--- Use of undeclared Var trowit.core/random-colour[0m
  [36m76[0m  [36m  (let [vel (.-value (.getElementById js/document "velocity"))[0m
  [36m77[0m  [36m        y0 (.-value (.getElementById js/document "y"))[0m
  [36m78[0m  [36m        acc (.-value (.getElementById js/document "acceleration"))[0m
  [36m79[0m  [36m        step (js/Number (.-value (.getElementById js/document "timestep")))][0m
  [36m80[0m  [36m    (render (trow vel y0 acc step)))))[0m

[36m----  Compiler Warning : Please see src/trowit/core.cljs  ----[0m
[32mSuccessfully compiled build :dev to "resources/public/js/compiled/trowit.js" in 0.824 seconds.[0m
notifying browser that file changed:  resources/public/js/compiled/out/trowit/core.js
Compiling build :dev to "resources/public/js/compiled/trowit.js" from ["src"]...
[36m----  Compiler Warning on   src/trowit/core.cljs   line:73  column:15  ----[0m

  [1mUse of undeclared Var trowit.core/repeadly[0m

  [36m69[0m  [36m  (doseq [i dots][0m
  [36m70[0m  [36m    (draw-point (:x i) (:y i))))[0m
  [36m71[0m  [36m[0m
  [36m72[0m  [36m(defn random-color [][0m
  [33m73[0m  [1m  (apply str (repeadly 3 (.toString (Math/floor (rand 255))))))[0m
  [0m  [0m  [33m              ^--- Use of undeclared Var trowit.core/repeadly[0m
  [36m74[0m  [36m[0m
  [36m75[0m  [36m(set! (.-onclick (.getElementById js/document "draw")) (fn [e][0m
  [36m76[0m  [36m  (.clearRect ctx 0 0 (.-width canvas) (.-height canvas))[0m
  [36m77[0m  [36m  (init-plot)[0m
  [36m78[0m  [36m  (set! (.-fillStyle ctx) (random-colour))[0m

[36m----  Compiler Warning : Please see src/trowit/core.cljs  ----[0m
[36m----  Compiler Warning on   src/trowit/core.cljs   line:78  column:28  ----[0m

  [1mUse of undeclared Var trowit.core/random-colour[0m

  [36m75[0m  [36m(set! (.-onclick (.getElementById js/document "draw")) (fn [e][0m
  [36m76[0m  [36m  (.clearRect ctx 0 0 (.-width canvas) (.-height canvas))[0m
  [36m77[0m  [36m  (init-plot)[0m
  [33m78[0m  [1m  (set! (.-fillStyle ctx) (random-colour))[0m
  [0m  [0m  [33m                           ^--- Use of undeclared Var trowit.core/random-colour[0m
  [36m79[0m  [36m  (let [vel (.-value (.getElementById js/document "velocity"))[0m
  [36m80[0m  [36m        y0 (.-value (.getElementById js/document "y"))[0m
  [36m81[0m  [36m        acc (.-value (.getElementById js/document "acceleration"))[0m
  [36m82[0m  [36m        step (js/Number (.-value (.getElementById js/document "timestep")))][0m
  [36m83[0m  [36m    (render (trow vel y0 acc step)))))[0m

[36m----  Compiler Warning : Please see src/trowit/core.cljs  ----[0m
[32mSuccessfully compiled build :dev to "resources/public/js/compiled/trowit.js" in 0.82 seconds.[0m
notifying browser that file changed:  resources/public/js/compiled/out/trowit/core.js
Compiling build :dev to "resources/public/js/compiled/trowit.js" from ["src"]...
[36m----  Compiler Warning on   src/trowit/core.cljs   line:78  column:28  ----[0m

  [1mUse of undeclared Var trowit.core/random-colour[0m

  [36m75[0m  [36m(set! (.-onclick (.getElementById js/document "draw")) (fn [e][0m
  [36m76[0m  [36m  (.clearRect ctx 0 0 (.-width canvas) (.-height canvas))[0m
  [36m77[0m  [36m  (init-plot)[0m
  [33m78[0m  [1m  (set! (.-fillStyle ctx) (random-colour))[0m
  [0m  [0m  [33m                           ^--- Use of undeclared Var trowit.core/random-colour[0m
  [36m79[0m  [36m  (let [vel (.-value (.getElementById js/document "velocity"))[0m
  [36m80[0m  [36m        y0 (.-value (.getElementById js/document "y"))[0m
  [36m81[0m  [36m        acc (.-value (.getElementById js/document "acceleration"))[0m
  [36m82[0m  [36m        step (js/Number (.-value (.getElementById js/document "timestep")))][0m
  [36m83[0m  [36m    (render (trow vel y0 acc step)))))[0m

[36m----  Compiler Warning : Please see src/trowit/core.cljs  ----[0m
[32mSuccessfully compiled build :dev to "resources/public/js/compiled/trowit.js" in 0.762 seconds.[0m
notifying browser that file changed:  resources/public/js/compiled/out/trowit/core.js
Compiling build :dev to "resources/public/js/compiled/trowit.js" from ["src"]...
[32mSuccessfully compiled build :dev to "resources/public/js/compiled/trowit.js" in 0.759 seconds.[0m
notifying browser that file changed:  resources/public/js/compiled/out/trowit/core.js
Compiling build :dev to "resources/public/js/compiled/trowit.js" from ["src"]...
[32mSuccessfully compiled build :dev to "resources/public/js/compiled/trowit.js" in 0.731 seconds.[0m
notifying browser that file changed:  resources/public/js/compiled/out/trowit/core.js
Compiling build :dev to "resources/public/js/compiled/trowit.js" from ["src"]...
[32mSuccessfully compiled build :dev to "resources/public/js/compiled/trowit.js" in 0.705 seconds.[0m
notifying browser that file changed:  resources/public/js/compiled/out/trowit/core.js
Compiling build :dev to "resources/public/js/compiled/trowit.js" from ["src"]...
[32mSuccessfully compiled build :dev to "resources/public/js/compiled/trowit.js" in 0.757 seconds.[0m
notifying browser that file changed:  resources/public/js/compiled/out/trowit/core.js
Compiling build :dev to "resources/public/js/compiled/trowit.js" from ["src"]...
[32mSuccessfully compiled build :dev to "resources/public/js/compiled/trowit.js" in 0.784 seconds.[0m
notifying browser that file changed:  resources/public/js/compiled/out/trowit/core.js
Compiling build :dev to "resources/public/js/compiled/trowit.js" from ["src"]...
[32mSuccessfully compiled build :dev to "resources/public/js/compiled/trowit.js" in 0.721 seconds.[0m
notifying browser that file changed:  resources/public/js/compiled/out/trowit/core.js
Compiling build :dev to "resources/public/js/compiled/trowit.js" from ["src"]...
[36m----  Compiler Warning on   src/trowit/core.cljs   line:88  column:6  ----[0m

  [1mUse of undeclared Var trowit.core/to-table[0m

  [36m84[0m  [36m        acc (.-value (.getElementById js/document "acceleration"))[0m
  [36m85[0m  [36m        step (js/Number (.-value (.getElementById js/document "timestep")))[0m
  [36m86[0m  [36m        res (trow vel y0 acc step)][0m
  [36m87[0m  [36m    (render res)[0m
  [33m88[0m  [1m    (to-table res))))[0m
  [0m  [0m  [33m     ^--- Use of undeclared Var trowit.core/to-table[0m
  [36m89[0m  [36m[0m
  [36m90[0m  [36m(defn on-js-reload [][0m
  [36m91[0m  [36m  ;; optionally touch your app-state to force rerendering depending on[0m
  [36m92[0m  [36m  ;; your application[0m
  [36m93[0m  [36m  ;; (swap! app-state update-in [:__figwheel_counter] inc)[0m

[36m----  Compiler Warning : Please see src/trowit/core.cljs  ----[0m
[32mSuccessfully compiled build :dev to "resources/public/js/compiled/trowit.js" in 0.779 seconds.[0m
notifying browser that file changed:  resources/public/js/compiled/out/trowit/core.js
Compiling build :dev to "resources/public/js/compiled/trowit.js" from ["src"]...
[32mSuccessfully compiled build :dev to "resources/public/js/compiled/trowit.js" in 0.729 seconds.[0m
notifying browser that file changed:  resources/public/js/compiled/out/trowit/core.js
Compiling build :dev to "resources/public/js/compiled/trowit.js" from ["src"]...
[32mSuccessfully compiled build :dev to "resources/public/js/compiled/trowit.js" in 0.762 seconds.[0m
notifying browser that file changed:  resources/public/js/compiled/out/trowit/core.js
Compiling build :dev to "resources/public/js/compiled/trowit.js" from ["src"]...
[32mSuccessfully compiled build :dev to "resources/public/js/compiled/trowit.js" in 0.763 seconds.[0m
notifying browser that file changed:  resources/public/js/compiled/out/trowit/core.js
Compiling build :dev to "resources/public/js/compiled/trowit.js" from ["src"]...
[36m----  Compiler Warning on   src/trowit/core.cljs   line:82  column:10  ----[0m

  [1mUse of undeclared Var trowit.core/format[0m

  [36m78[0m  [36m(defn to-table [table][0m
  [36m79[0m  [36m  (let [table (.getElementById js/document "table")][0m
  [36m80[0m  [36m    (set! (.-innerHTML table)[0m
  [36m81[0m  [36m      (str "<tr> <td>x</td><td>y</td> </tr>"[0m
  [33m82[0m  [1m        (format "<tr> <td>%s</td><td>%s</td> </tr>")))))[0m
  [0m  [0m  [33m         ^--- Use of undeclared Var trowit.core/format[0m
  [36m83[0m  [36m[0m
  [36m84[0m  [36m(set! (.-onclick (.getElementById js/document "draw")) (fn [e][0m
  [36m85[0m  [36m  ; (.clearRect ctx 0 0 (.-width canvas) (.-height canvas))[0m
  [36m86[0m  [36m  ; (init-plot)[0m
  [36m87[0m  [36m  (set! (.-fillStyle ctx) (random-color))[0m

[36m----  Compiler Warning : Please see src/trowit/core.cljs  ----[0m
[32mSuccessfully compiled build :dev to "resources/public/js/compiled/trowit.js" in 0.81 seconds.[0m
notifying browser that file changed:  resources/public/js/compiled/out/trowit/core.js
Compiling build :dev to "resources/public/js/compiled/trowit.js" from ["src"]...
[31mFailed to compile build :dev from ["src"] in 0.341 seconds.[0m
[36m----  Could not Read  src/trowit/core.cljs   line:103 ----[0m

  [1m/home/leonid/projects/trowit/src/trowit/core.cljs [line 103, col 1] Unexpected EOF while reading item 7 of list, starting at line 78 and column 1.[0m

[36m----  Reader Error : Please see src/trowit/core.cljs  ----[0m
Compiling build :dev to "resources/public/js/compiled/trowit.js" from ["src"]...
[31mFailed to compile build :dev from ["src"] in 0.352 seconds.[0m
[36m----  Could not Read  src/trowit/core.cljs   line:104 ----[0m

  [1m/home/leonid/projects/trowit/src/trowit/core.cljs [line 104, col 1] Unexpected EOF while reading item 6 of list, starting at line 79 and column 3.[0m

[36m----  Reader Error : Please see src/trowit/core.cljs  ----[0m
Compiling build :dev to "resources/public/js/compiled/trowit.js" from ["src"]...
[36m----  Compiler Warning on   src/trowit/core.cljs   line:83  column:18  ----[0m

  [1mUse of undeclared Var trowit.core/format[0m

  [36m79[0m  [36m  (let [table (.getElementById js/document "table")][0m
  [36m80[0m  [36m    (set! (.-innerHTML table)[0m
  [36m81[0m  [36m      (str[0m
  [36m82[0m  [36m        (apply str[0m
  [33m83[0m  [1m          (map #(format "<tr><td>%s</td><td>%s</td><td>%s</td></tr>" (:x %) (:y %) (:t %)) data))))))[0m
  [0m  [0m  [33m                 ^--- Use of undeclared Var trowit.core/format[0m
  [36m84[0m  [36m[0m
  [36m85[0m  [36m(set! (.-onclick (.getElementById js/document "draw")) (fn [e][0m
  [36m86[0m  [36m  ; (.clearRect ctx 0 0 (.-width canvas) (.-height canvas))[0m
  [36m87[0m  [36m  ; (init-plot)[0m
  [36m88[0m  [36m  (set! (.-fillStyle ctx) (random-color))[0m

[36m----  Compiler Warning : Please see src/trowit/core.cljs  ----[0m
[32mSuccessfully compiled build :dev to "resources/public/js/compiled/trowit.js" in 0.775 seconds.[0m
notifying browser that file changed:  resources/public/js/compiled/out/trowit/core.js
Compiling build :dev to "resources/public/js/compiled/trowit.js" from ["src"]...
[36m----  Compiler Warning on   src/trowit/core.cljs   line:83  column:18  ----[0m

  [1mUse of undeclared Var trowit.core/format[0m

  [36m79[0m  [36m  (let [table (.getElementById js/document "table")][0m
  [36m80[0m  [36m    (set! (.-innerHTML table)[0m
  [36m81[0m  [36m      (str[0m
  [36m82[0m  [36m        (apply str[0m
  [33m83[0m  [1m          (map #(format "<tr><td>%s</td><td>%s</td><td>%s</td></tr>" (:x %) (:y %) (:t %)) data))))))[0m
  [0m  [0m  [33m                 ^--- Use of undeclared Var trowit.core/format[0m
  [36m84[0m  [36m[0m
  [36m85[0m  [36m(set! (.-onclick (.getElementById js/document "draw")) (fn [e][0m
  [36m86[0m  [36m  ; (.clearRect ctx 0 0 (.-width canvas) (.-height canvas))[0m
  [36m87[0m  [36m  ; (init-plot)[0m
  [36m88[0m  [36m  (set! (.-fillStyle ctx) (random-color))[0m

[36m----  Compiler Warning : Please see src/trowit/core.cljs  ----[0m
[32mSuccessfully compiled build :dev to "resources/public/js/compiled/trowit.js" in 0.8 seconds.[0m
notifying browser that file changed:  resources/public/js/compiled/out/trowit/core.js
Compiling build :dev to "resources/public/js/compiled/trowit.js" from ["src"]...
[32mSuccessfully compiled build :dev to "resources/public/js/compiled/trowit.js" in 0.744 seconds.[0m
notifying browser that file changed:  resources/public/js/compiled/out/trowit/core.js
Compiling build :dev to "resources/public/js/compiled/trowit.js" from ["src"]...
[32mSuccessfully compiled build :dev to "resources/public/js/compiled/trowit.js" in 0.742 seconds.[0m
notifying browser that file changed:  resources/public/js/compiled/out/trowit/core.js
Compiling build :dev to "resources/public/js/compiled/trowit.js" from ["src"]...
[32mSuccessfully compiled build :dev to "resources/public/js/compiled/trowit.js" in 0.746 seconds.[0m
notifying browser that file changed:  resources/public/js/compiled/out/trowit/core.js
Compiling build :dev to "resources/public/js/compiled/trowit.js" from ["src"]...
[32mSuccessfully compiled build :dev to "resources/public/js/compiled/trowit.js" in 0.715 seconds.[0m
notifying browser that file changed:  resources/public/js/compiled/out/trowit/core.js
Compiling build :dev to "resources/public/js/compiled/trowit.js" from ["src"]...
[32mSuccessfully compiled build :dev to "resources/public/js/compiled/trowit.js" in 0.776 seconds.[0m
notifying browser that file changed:  resources/public/js/compiled/out/trowit/core.js
Compiling build :dev to "resources/public/js/compiled/trowit.js" from ["src"]...
[32mSuccessfully compiled build :dev to "resources/public/js/compiled/trowit.js" in 0.757 seconds.[0m
notifying browser that file changed:  resources/public/js/compiled/out/trowit/core.js
Compiling build :dev to "resources/public/js/compiled/trowit.js" from ["src"]...
[32mSuccessfully compiled build :dev to "resources/public/js/compiled/trowit.js" in 0.736 seconds.[0m
notifying browser that file changed:  resources/public/js/compiled/out/trowit/core.js
Compiling build :dev to "resources/public/js/compiled/trowit.js" from ["src"]...
[32mSuccessfully compiled build :dev to "resources/public/js/compiled/trowit.js" in 0.746 seconds.[0m
notifying browser that file changed:  resources/public/js/compiled/out/trowit/core.js
Compiling build :dev to "resources/public/js/compiled/trowit.js" from ["src"]...
[32mSuccessfully compiled build :dev to "resources/public/js/compiled/trowit.js" in 0.623 seconds.[0m
notifying browser that file changed:  resources/public/js/compiled/out/trowit/core.js
Compiling build :dev to "resources/public/js/compiled/trowit.js" from ["src"]...
[32mSuccessfully compiled build :dev to "resources/public/js/compiled/trowit.js" in 0.723 seconds.[0m
notifying browser that file changed:  resources/public/js/compiled/out/trowit/core.js
Compiling build :dev to "resources/public/js/compiled/trowit.js" from ["src"]...
[32mSuccessfully compiled build :dev to "resources/public/js/compiled/trowit.js" in 0.783 seconds.[0m
notifying browser that file changed:  resources/public/js/compiled/out/trowit/core.js
Compiling build :dev to "resources/public/js/compiled/trowit.js" from ["src"]...
[32mSuccessfully compiled build :dev to "resources/public/js/compiled/trowit.js" in 0.751 seconds.[0m
notifying browser that file changed:  resources/public/js/compiled/out/trowit/core.js
Compiling build :dev to "resources/public/js/compiled/trowit.js" from ["src"]...
[32mSuccessfully compiled build :dev to "resources/public/js/compiled/trowit.js" in 0.758 seconds.[0m
notifying browser that file changed:  resources/public/js/compiled/out/trowit/core.js
Compiling build :dev to "resources/public/js/compiled/trowit.js" from ["src"]...
[32mSuccessfully compiled build :dev to "resources/public/js/compiled/trowit.js" in 0.738 seconds.[0m
notifying browser that file changed:  resources/public/js/compiled/out/trowit/core.js
Compiling build :dev to "resources/public/js/compiled/trowit.js" from ["src"]...
[32mSuccessfully compiled build :dev to "resources/public/js/compiled/trowit.js" in 1.21 seconds.[0m
notifying browser that file changed:  resources/public/js/compiled/out/goog/deps.js
notifying browser that file changed:  resources/public/js/compiled/out/cljs_deps.js
notifying browser that file changed:  resources/public/js/compiled/out/trowit/core.js
Compiling build :dev to "resources/public/js/compiled/trowit.js" from ["src"]...
[32mSuccessfully compiled build :dev to "resources/public/js/compiled/trowit.js" in 0.826 seconds.[0m
notifying browser that file changed:  resources/public/js/compiled/out/trowit/core.js
Compiling build :dev to "resources/public/js/compiled/trowit.js" from ["src"]...
[32mSuccessfully compiled build :dev to "resources/public/js/compiled/trowit.js" in 0.837 seconds.[0m
notifying browser that file changed:  resources/public/js/compiled/out/trowit/core.js
Compiling build :dev to "resources/public/js/compiled/trowit.js" from ["src"]...
[32mSuccessfully compiled build :dev to "resources/public/js/compiled/trowit.js" in 0.758 seconds.[0m
notifying browser that file changed:  resources/public/js/compiled/out/trowit/core.js
Compiling build :dev to "resources/public/js/compiled/trowit.js" from ["src"]...
[32mSuccessfully compiled build :dev to "resources/public/js/compiled/trowit.js" in 0.81 seconds.[0m
notifying browser that file changed:  resources/public/js/compiled/out/trowit/core.js
Compiling build :dev to "resources/public/js/compiled/trowit.js" from ["src"]...
[32mSuccessfully compiled build :dev to "resources/public/js/compiled/trowit.js" in 0.854 seconds.[0m
notifying browser that file changed:  resources/public/js/compiled/out/trowit/core.js
Compiling build :dev to "resources/public/js/compiled/trowit.js" from ["src"]...
[32mSuccessfully compiled build :dev to "resources/public/js/compiled/trowit.js" in 0.831 seconds.[0m
notifying browser that file changed:  resources/public/js/compiled/out/trowit/core.js
Compiling build :dev to "resources/public/js/compiled/trowit.js" from ["src"]...
[32mSuccessfully compiled build :dev to "resources/public/js/compiled/trowit.js" in 0.781 seconds.[0m
notifying browser that file changed:  resources/public/js/compiled/out/trowit/core.js
Compiling build :dev to "resources/public/js/compiled/trowit.js" from ["src"]...
[32mSuccessfully compiled build :dev to "resources/public/js/compiled/trowit.js" in 0.769 seconds.[0m
notifying browser that file changed:  resources/public/js/compiled/out/trowit/core.js
Compiling build :dev to "resources/public/js/compiled/trowit.js" from ["src"]...
[32mSuccessfully compiled build :dev to "resources/public/js/compiled/trowit.js" in 0.756 seconds.[0m
notifying browser that file changed:  resources/public/js/compiled/out/trowit/core.js
Compiling build :dev to "resources/public/js/compiled/trowit.js" from ["src"]...
[32mSuccessfully compiled build :dev to "resources/public/js/compiled/trowit.js" in 0.768 seconds.[0m
notifying browser that file changed:  resources/public/js/compiled/out/trowit/core.js
Compiling build :dev to "resources/public/js/compiled/trowit.js" from ["src"]...
[32mSuccessfully compiled build :dev to "resources/public/js/compiled/trowit.js" in 0.76 seconds.[0m
notifying browser that file changed:  resources/public/js/compiled/out/trowit/core.js
